\begin{tabular}{lrrrrrr}
\hline
       &   CityMPG+ &   HighwayMPG+ &   Weight- &   Class- &   Avg evals &   Avg rank \\
\hline
 all   &         21 &            28 &      3040 &     17.7 &           0 &         50 \\
 sway1 &       29.6 &          34.6 &    2175.8 &      9.3 &           5 &       11.6 \\
 sway2 &         46 &            50 &      1695 &      8.4 &           7 &          1 \\
 xpln1 &       29.6 &          34.2 &    2258.5 &      9.6 &           5 &       13.6 \\
 xpln2 &       28.8 &          34.5 &    2295.5 &      9.6 &           5 &       14.1 \\
 top   &       34.5 &          41.5 &      2045 &      8.6 &          93 &        3.5 \\
\hline
\end{tabular}

             Best    Beat Sway?    Beat Xpln?
-----------  ------  ------------  ------------
CityMPG+     sway2   True          False
HighwayMPG+  sway2   True          True
Weight-      sway2   True          True
Class-       sway2   True          True

\begin{tabular}{lllll}
\hline
                & CityMPG+   & HighwayMPG+   & Weight-   & Class-   \\
\hline
 all to all     & =          & =             & =         & =        \\
 all to sway1   & ≠          & ≠             & ≠         & ≠        \\
 all to sway2   & ≠          & ≠             & ≠         & ≠        \\
 sway1 to sway2 & ≠          & ≠             & ≠         & ≠        \\
 sway1 to xpln1 & ≠          & ≠             & ≠         & ≠        \\
 sway1 to xpln2 & ≠          & ≠             & ≠         & ≠        \\
 xpln1 to xpln2 & ≠          & ≠             & ≠         & ≠        \\
 sway1 to top   & ≠          & ≠             & ≠         & ≠        \\
\hline
\end{tabular}

real	0m16.777s
user	0m0.000s
sys	0m0.015s
