         CityMPG+    HighwayMPG+    Weight-    Class-    Avg evals
-----  ----------  -------------  ---------  --------  -----------
all            21             28       3040      17.7            0
sway        30.05          34.85    2212.25     9.435            5
sway2       41.65           46.2    1875.25     8.815          7.2
xpln         30.3          34.65    2231.75      9.62            5
top            33           39.6     2051.5      8.86           93

             Best    Beat Sway?
-----------  ------  ------------
CityMPG+     sway2   True
HighwayMPG+  sway2   True
Weight-      sway2   True
Class-       sway2   True

               CityMPG+    HighwayMPG+    Weight-    Class-
-------------  ----------  -------------  ---------  --------
all to all     =           =              =          =
all to sway    ≠           ≠              ≠          ≠
all to sway2   ≠           ≠              ≠          ≠
sway to sway2  ≠           ≠              ≠          ≠
sway to xpln   ≠           ≠              ≠          ≠
sway2 to xpln  ≠           ≠              ≠          ≠
sway to top    ≠           ≠              ≠          ≠

real	0m14.416s
user	0m0.000s
sys	0m0.015s
