          Loc+    Risk-    Effort-    Avg evals
-----  -------  -------  ---------  -----------
all     1005.3      5.2    20165.8            0
sway1   1001.5      3.8    16246.6            8
sway2  1728.65     2.25    35777.9           14
xpln1   1003.7     5.45    19575.2            8
xpln2   1004.4     5.05    17732.1            8
top       1959        0      17752        10000

         Best    Beat Sway?    Beat Xpln?
-------  ------  ------------  ------------
Loc+     top     True          True
Risk-    top     True          True
Effort-  sway1   False         True

                Loc+    Risk-    Effort-
--------------  ------  -------  ---------
all to all      =       =        =
all to sway1    ≠       ≠        ≠
all to sway2    ≠       ≠        ≠
sway1 to sway2  ≠       ≠        ≠
sway1 to xpln1  ≠       ≠        ≠
sway2 to xpln2  ≠       ≠        ≠
sway1 to top    ≠       ≠        ≠

real	2m35.644s
user	0m0.000s
sys	0m0.015s
