\begin{tabular}{lrrrrr}
\hline
       &   MRE- &   ACC+ &   PRED40+ &   Avg evals &   Avg rank \\
\hline
 all   &   75.3 &    7.2 &        25 &           0 &       50.5 \\
 sway1 &   76.4 &    6.8 &      26.2 &           8 &       43.9 \\
 sway2 &   70.8 &   16.8 &        25 &          12 &         21 \\
 xpln1 &   76.4 &    6.8 &      26.2 &           8 &       43.9 \\
 xpln2 &   76.6 &    6.8 &      26.2 &           8 &       44.4 \\
 top   &   64.9 &   11.3 &        25 &       10000 &        1.4 \\
\hline
\end{tabular}

         Best    Beat Sway?    Beat Xpln?
-------  ------  ------------  ------------
MRE-     top     True          False
ACC+     sway2   True          True
PRED40+  sway1   False         True

\begin{tabular}{llll}
\hline
                & MRE-   & ACC+   & PRED40+   \\
\hline
 all to all     & =      & =      & =         \\
 all to sway1   & ≠      & ≠      & ≠         \\
 all to sway2   & =      & =      & =         \\
 sway1 to sway2 & ≠      & =      & =         \\
 sway1 to xpln1 & ≠      & ≠      & ≠         \\
 sway1 to xpln2 & ≠      & ≠      & ≠         \\
 xpln1 to xpln2 & ≠      & ≠      & ≠         \\
 sway1 to top   & ≠      & ≠      & ≠         \\
\hline
\end{tabular}

real	2m21.039s
user	0m0.000s
sys	0m0.015s
