\begin{tabular}{lrrrrr}
\hline
       &   MRE- &   ACC+ &   PRED40+ &   Avg evals &   Avg rank \\
\hline
 all   &  119.3 &  -12.2 &         0 &           0 &       50.5 \\
 sway1 &   15.1 &   -0.1 &      62.5 &           8 &         17 \\
 sway2 &      0 &   -0.7 &         0 &          12 &       22.3 \\
 xpln1 &      5 &     -0 &      79.2 &           8 &       17.3 \\
 xpln2 &   25.1 &   -0.1 &      62.5 &           8 &       19.7 \\
 top   &      0 &      0 &      83.3 &       10000 &        1.4 \\
\hline
\end{tabular}

         Best    Beat Sway?    Beat Xpln?
-------  ------  ------------  ------------
MRE-     sway2   True          False
ACC+     xpln1   False         False
PRED40+  top     False         False

\begin{tabular}{llll}
\hline
                & MRE-   & ACC+   & PRED40+   \\
\hline
 all to all     & =      & =      & =         \\
 all to sway1   & ≠      & ≠      & ≠         \\
 all to sway2   & =      & ≠      & =         \\
 sway1 to sway2 & =      & =      & =         \\
 sway1 to xpln1 & ≠      & ≠      & ≠         \\
 sway1 to xpln2 & ≠      & ≠      & ≠         \\
 xpln1 to xpln2 & ≠      & ≠      & ≠         \\
 sway1 to top   & ≠      & ≠      & ≠         \\
\hline
\end{tabular}

real	2m13.835s
user	0m0.000s
sys	0m0.000s
