refreshing sway
Far [0.7, 0.75, 0.8, 0.85, 0.9, 0.95]
Halves [100, 200, 300, 400, 500, 600, 700]
IMin [0.0, 0.2, 0.4, 0.6]
Max [1, 6, 11, 16, 21, 26, 31, 36, 41, 46]
P [1.0, 1.1, 1.2, 1.3, 1.4, 1.5, 1.6, 1.7, 1.8, 1.9, 2.0]
Rest [1, 2, 3, 4]
reuse [True, False]
new:  {'Far': 0.75, 'Halves': 300, 'IMin': 0.2, 'Max': 31, 'P': 2, 'Rest': 4, 'reuse': True}

\begin{tabular}{lrrrrr}
\hline
       &   Lbs- &   Acc+ &   Mpg+ &   Avg evals &   Avg rank \\
\hline
 all   &   2800 &   15.5 &     20 &           0 &       50.4 \\
 sway1 & 2169.2 &     16 &     31 &           6 &       23.6 \\
 sway2 &   2074 &   19.5 &     30 &        15.9 &       12.2 \\
 xpln1 & 2216.5 &     16 &     30 &           6 &       28.7 \\
 xpln2 & 2161.1 &     16 &   31.5 &           6 &       23.7 \\
 top   &   1987 &   18.8 &     40 &         398 &        2.4 \\
\hline
\end{tabular}

      Best    Beat Sway?    Beat Xpln?
----  ------  ------------  ------------
Lbs-  top     True          True
Acc+  sway2   True          False
Mpg+  top     False         True

\begin{tabular}{llll}
\hline
                & Lbs-   & Acc+   & Mpg+   \\
\hline
 all to all     & =      & =      & =      \\
 all to sway1   & ≠      & ≠      & ≠      \\
 all to sway2   & ≠      & ≠      & ≠      \\
 sway1 to sway2 & ≠      & ≠      & ≠      \\
 sway1 to xpln1 & ≠      & ≠      & ≠      \\
 sway1 to xpln2 & ≠      & ≠      & ≠      \\
 xpln1 to xpln2 & ≠      & ≠      & ≠      \\
 sway1 to top   & ≠      & ≠      & ≠      \\
\hline
\end{tabular}