/home/pradyumna/PycharmProjects/CSC591-Group9-Project/venv/lib/python3.10/site-packages/sklearn/decomposition/_fastica.py:542: FutureWarning: Starting in v1.3, whiten='unit-variance' will be used by default.
  warnings.warn(
/home/pradyumna/PycharmProjects/CSC591-Group9-Project/venv/lib/python3.10/site-packages/sklearn/decomposition/_fastica.py:542: FutureWarning: Starting in v1.3, whiten='unit-variance' will be used by default.
  warnings.warn(
/home/pradyumna/PycharmProjects/CSC591-Group9-Project/venv/lib/python3.10/site-packages/sklearn/decomposition/_fastica.py:542: FutureWarning: Starting in v1.3, whiten='unit-variance' will be used by default.
  warnings.warn(
/home/pradyumna/PycharmProjects/CSC591-Group9-Project/venv/lib/python3.10/site-packages/sklearn/decomposition/_fastica.py:542: FutureWarning: Starting in v1.3, whiten='unit-variance' will be used by default.
  warnings.warn(
/home/pradyumna/PycharmProjects/CSC591-Group9-Project/venv/lib/python3.10/site-packages/sklearn/decomposition/_fastica.py:542: FutureWarning: Starting in v1.3, whiten='unit-variance' will be used by default.
  warnings.warn(
/home/pradyumna/PycharmProjects/CSC591-Group9-Project/venv/lib/python3.10/site-packages/sklearn/decomposition/_fastica.py:542: FutureWarning: Starting in v1.3, whiten='unit-variance' will be used by default.
  warnings.warn(
/home/pradyumna/PycharmProjects/CSC591-Group9-Project/venv/lib/python3.10/site-packages/sklearn/decomposition/_fastica.py:542: FutureWarning: Starting in v1.3, whiten='unit-variance' will be used by default.
  warnings.warn(
/home/pradyumna/PycharmProjects/CSC591-Group9-Project/venv/lib/python3.10/site-packages/sklearn/decomposition/_fastica.py:542: FutureWarning: Starting in v1.3, whiten='unit-variance' will be used by default.
  warnings.warn(
/home/pradyumna/PycharmProjects/CSC591-Group9-Project/venv/lib/python3.10/site-packages/sklearn/decomposition/_fastica.py:542: FutureWarning: Starting in v1.3, whiten='unit-variance' will be used by default.
  warnings.warn(
/home/pradyumna/PycharmProjects/CSC591-Group9-Project/venv/lib/python3.10/site-packages/sklearn/decomposition/_fastica.py:542: FutureWarning: Starting in v1.3, whiten='unit-variance' will be used by default.
  warnings.warn(
/home/pradyumna/PycharmProjects/CSC591-Group9-Project/venv/lib/python3.10/site-packages/sklearn/decomposition/_fastica.py:542: FutureWarning: Starting in v1.3, whiten='unit-variance' will be used by default.
  warnings.warn(
/home/pradyumna/PycharmProjects/CSC591-Group9-Project/venv/lib/python3.10/site-packages/sklearn/decomposition/_fastica.py:542: FutureWarning: Starting in v1.3, whiten='unit-variance' will be used by default.
  warnings.warn(
/home/pradyumna/PycharmProjects/CSC591-Group9-Project/venv/lib/python3.10/site-packages/sklearn/decomposition/_fastica.py:542: FutureWarning: Starting in v1.3, whiten='unit-variance' will be used by default.
  warnings.warn(
/home/pradyumna/PycharmProjects/CSC591-Group9-Project/venv/lib/python3.10/site-packages/sklearn/decomposition/_fastica.py:542: FutureWarning: Starting in v1.3, whiten='unit-variance' will be used by default.
  warnings.warn(
/home/pradyumna/PycharmProjects/CSC591-Group9-Project/venv/lib/python3.10/site-packages/sklearn/decomposition/_fastica.py:542: FutureWarning: Starting in v1.3, whiten='unit-variance' will be used by default.
  warnings.warn(
/home/pradyumna/PycharmProjects/CSC591-Group9-Project/venv/lib/python3.10/site-packages/sklearn/decomposition/_fastica.py:542: FutureWarning: Starting in v1.3, whiten='unit-variance' will be used by default.
  warnings.warn(
/home/pradyumna/PycharmProjects/CSC591-Group9-Project/venv/lib/python3.10/site-packages/sklearn/decomposition/_fastica.py:542: FutureWarning: Starting in v1.3, whiten='unit-variance' will be used by default.
  warnings.warn(
/home/pradyumna/PycharmProjects/CSC591-Group9-Project/venv/lib/python3.10/site-packages/sklearn/decomposition/_fastica.py:542: FutureWarning: Starting in v1.3, whiten='unit-variance' will be used by default.
  warnings.warn(
/home/pradyumna/PycharmProjects/CSC591-Group9-Project/venv/lib/python3.10/site-packages/sklearn/decomposition/_fastica.py:542: FutureWarning: Starting in v1.3, whiten='unit-variance' will be used by default.
  warnings.warn(
/home/pradyumna/PycharmProjects/CSC591-Group9-Project/venv/lib/python3.10/site-packages/sklearn/decomposition/_fastica.py:542: FutureWarning: Starting in v1.3, whiten='unit-variance' will be used by default.
  warnings.warn(
/home/pradyumna/PycharmProjects/CSC591-Group9-Project/venv/lib/python3.10/site-packages/sklearn/decomposition/_fastica.py:542: FutureWarning: Starting in v1.3, whiten='unit-variance' will be used by default.
  warnings.warn(
/home/pradyumna/PycharmProjects/CSC591-Group9-Project/venv/lib/python3.10/site-packages/sklearn/decomposition/_fastica.py:542: FutureWarning: Starting in v1.3, whiten='unit-variance' will be used by default.
  warnings.warn(
/home/pradyumna/PycharmProjects/CSC591-Group9-Project/venv/lib/python3.10/site-packages/sklearn/decomposition/_fastica.py:542: FutureWarning: Starting in v1.3, whiten='unit-variance' will be used by default.
  warnings.warn(
/home/pradyumna/PycharmProjects/CSC591-Group9-Project/venv/lib/python3.10/site-packages/sklearn/decomposition/_fastica.py:542: FutureWarning: Starting in v1.3, whiten='unit-variance' will be used by default.
  warnings.warn(
/home/pradyumna/PycharmProjects/CSC591-Group9-Project/venv/lib/python3.10/site-packages/sklearn/decomposition/_fastica.py:542: FutureWarning: Starting in v1.3, whiten='unit-variance' will be used by default.
  warnings.warn(
/home/pradyumna/PycharmProjects/CSC591-Group9-Project/venv/lib/python3.10/site-packages/sklearn/decomposition/_fastica.py:542: FutureWarning: Starting in v1.3, whiten='unit-variance' will be used by default.
  warnings.warn(
/home/pradyumna/PycharmProjects/CSC591-Group9-Project/venv/lib/python3.10/site-packages/sklearn/decomposition/_fastica.py:542: FutureWarning: Starting in v1.3, whiten='unit-variance' will be used by default.
  warnings.warn(
/home/pradyumna/PycharmProjects/CSC591-Group9-Project/venv/lib/python3.10/site-packages/sklearn/decomposition/_fastica.py:542: FutureWarning: Starting in v1.3, whiten='unit-variance' will be used by default.
  warnings.warn(
/home/pradyumna/PycharmProjects/CSC591-Group9-Project/venv/lib/python3.10/site-packages/sklearn/decomposition/_fastica.py:542: FutureWarning: Starting in v1.3, whiten='unit-variance' will be used by default.
  warnings.warn(
/home/pradyumna/PycharmProjects/CSC591-Group9-Project/venv/lib/python3.10/site-packages/sklearn/decomposition/_fastica.py:542: FutureWarning: Starting in v1.3, whiten='unit-variance' will be used by default.
  warnings.warn(
/home/pradyumna/PycharmProjects/CSC591-Group9-Project/venv/lib/python3.10/site-packages/sklearn/decomposition/_fastica.py:542: FutureWarning: Starting in v1.3, whiten='unit-variance' will be used by default.
  warnings.warn(
/home/pradyumna/PycharmProjects/CSC591-Group9-Project/venv/lib/python3.10/site-packages/sklearn/decomposition/_fastica.py:542: FutureWarning: Starting in v1.3, whiten='unit-variance' will be used by default.
  warnings.warn(
/home/pradyumna/PycharmProjects/CSC591-Group9-Project/venv/lib/python3.10/site-packages/sklearn/decomposition/_fastica.py:542: FutureWarning: Starting in v1.3, whiten='unit-variance' will be used by default.
  warnings.warn(
/home/pradyumna/PycharmProjects/CSC591-Group9-Project/venv/lib/python3.10/site-packages/sklearn/decomposition/_fastica.py:542: FutureWarning: Starting in v1.3, whiten='unit-variance' will be used by default.
  warnings.warn(
/home/pradyumna/PycharmProjects/CSC591-Group9-Project/venv/lib/python3.10/site-packages/sklearn/decomposition/_fastica.py:542: FutureWarning: Starting in v1.3, whiten='unit-variance' will be used by default.
  warnings.warn(
/home/pradyumna/PycharmProjects/CSC591-Group9-Project/venv/lib/python3.10/site-packages/sklearn/decomposition/_fastica.py:542: FutureWarning: Starting in v1.3, whiten='unit-variance' will be used by default.
  warnings.warn(
/home/pradyumna/PycharmProjects/CSC591-Group9-Project/venv/lib/python3.10/site-packages/sklearn/decomposition/_fastica.py:542: FutureWarning: Starting in v1.3, whiten='unit-variance' will be used by default.
  warnings.warn(
/home/pradyumna/PycharmProjects/CSC591-Group9-Project/venv/lib/python3.10/site-packages/sklearn/decomposition/_fastica.py:542: FutureWarning: Starting in v1.3, whiten='unit-variance' will be used by default.
  warnings.warn(
/home/pradyumna/PycharmProjects/CSC591-Group9-Project/venv/lib/python3.10/site-packages/sklearn/decomposition/_fastica.py:542: FutureWarning: Starting in v1.3, whiten='unit-variance' will be used by default.
  warnings.warn(
/home/pradyumna/PycharmProjects/CSC591-Group9-Project/venv/lib/python3.10/site-packages/sklearn/decomposition/_fastica.py:542: FutureWarning: Starting in v1.3, whiten='unit-variance' will be used by default.
  warnings.warn(
/home/pradyumna/PycharmProjects/CSC591-Group9-Project/venv/lib/python3.10/site-packages/sklearn/decomposition/_fastica.py:542: FutureWarning: Starting in v1.3, whiten='unit-variance' will be used by default.
  warnings.warn(
/home/pradyumna/PycharmProjects/CSC591-Group9-Project/venv/lib/python3.10/site-packages/sklearn/decomposition/_fastica.py:542: FutureWarning: Starting in v1.3, whiten='unit-variance' will be used by default.
  warnings.warn(
/home/pradyumna/PycharmProjects/CSC591-Group9-Project/venv/lib/python3.10/site-packages/sklearn/decomposition/_fastica.py:542: FutureWarning: Starting in v1.3, whiten='unit-variance' will be used by default.
  warnings.warn(
/home/pradyumna/PycharmProjects/CSC591-Group9-Project/venv/lib/python3.10/site-packages/sklearn/decomposition/_fastica.py:542: FutureWarning: Starting in v1.3, whiten='unit-variance' will be used by default.
  warnings.warn(
/home/pradyumna/PycharmProjects/CSC591-Group9-Project/venv/lib/python3.10/site-packages/sklearn/decomposition/_fastica.py:542: FutureWarning: Starting in v1.3, whiten='unit-variance' will be used by default.
  warnings.warn(
/home/pradyumna/PycharmProjects/CSC591-Group9-Project/venv/lib/python3.10/site-packages/sklearn/decomposition/_fastica.py:542: FutureWarning: Starting in v1.3, whiten='unit-variance' will be used by default.
  warnings.warn(
/home/pradyumna/PycharmProjects/CSC591-Group9-Project/venv/lib/python3.10/site-packages/sklearn/decomposition/_fastica.py:542: FutureWarning: Starting in v1.3, whiten='unit-variance' will be used by default.
  warnings.warn(
/home/pradyumna/PycharmProjects/CSC591-Group9-Project/venv/lib/python3.10/site-packages/sklearn/decomposition/_fastica.py:542: FutureWarning: Starting in v1.3, whiten='unit-variance' will be used by default.
  warnings.warn(
/home/pradyumna/PycharmProjects/CSC591-Group9-Project/venv/lib/python3.10/site-packages/sklearn/decomposition/_fastica.py:542: FutureWarning: Starting in v1.3, whiten='unit-variance' will be used by default.
  warnings.warn(
/home/pradyumna/PycharmProjects/CSC591-Group9-Project/venv/lib/python3.10/site-packages/sklearn/decomposition/_fastica.py:542: FutureWarning: Starting in v1.3, whiten='unit-variance' will be used by default.
  warnings.warn(
/home/pradyumna/PycharmProjects/CSC591-Group9-Project/venv/lib/python3.10/site-packages/sklearn/decomposition/_fastica.py:542: FutureWarning: Starting in v1.3, whiten='unit-variance' will be used by default.
  warnings.warn(
/home/pradyumna/PycharmProjects/CSC591-Group9-Project/venv/lib/python3.10/site-packages/sklearn/decomposition/_fastica.py:542: FutureWarning: Starting in v1.3, whiten='unit-variance' will be used by default.
  warnings.warn(
/home/pradyumna/PycharmProjects/CSC591-Group9-Project/venv/lib/python3.10/site-packages/sklearn/decomposition/_fastica.py:542: FutureWarning: Starting in v1.3, whiten='unit-variance' will be used by default.
  warnings.warn(
/home/pradyumna/PycharmProjects/CSC591-Group9-Project/venv/lib/python3.10/site-packages/sklearn/decomposition/_fastica.py:542: FutureWarning: Starting in v1.3, whiten='unit-variance' will be used by default.
  warnings.warn(
/home/pradyumna/PycharmProjects/CSC591-Group9-Project/venv/lib/python3.10/site-packages/sklearn/decomposition/_fastica.py:542: FutureWarning: Starting in v1.3, whiten='unit-variance' will be used by default.
  warnings.warn(
/home/pradyumna/PycharmProjects/CSC591-Group9-Project/venv/lib/python3.10/site-packages/sklearn/decomposition/_fastica.py:542: FutureWarning: Starting in v1.3, whiten='unit-variance' will be used by default.
  warnings.warn(
/home/pradyumna/PycharmProjects/CSC591-Group9-Project/venv/lib/python3.10/site-packages/sklearn/decomposition/_fastica.py:542: FutureWarning: Starting in v1.3, whiten='unit-variance' will be used by default.
  warnings.warn(
/home/pradyumna/PycharmProjects/CSC591-Group9-Project/venv/lib/python3.10/site-packages/sklearn/decomposition/_fastica.py:542: FutureWarning: Starting in v1.3, whiten='unit-variance' will be used by default.
  warnings.warn(
/home/pradyumna/PycharmProjects/CSC591-Group9-Project/venv/lib/python3.10/site-packages/sklearn/decomposition/_fastica.py:542: FutureWarning: Starting in v1.3, whiten='unit-variance' will be used by default.
  warnings.warn(
/home/pradyumna/PycharmProjects/CSC591-Group9-Project/venv/lib/python3.10/site-packages/sklearn/decomposition/_fastica.py:542: FutureWarning: Starting in v1.3, whiten='unit-variance' will be used by default.
  warnings.warn(
/home/pradyumna/PycharmProjects/CSC591-Group9-Project/venv/lib/python3.10/site-packages/sklearn/decomposition/_fastica.py:542: FutureWarning: Starting in v1.3, whiten='unit-variance' will be used by default.
  warnings.warn(
/home/pradyumna/PycharmProjects/CSC591-Group9-Project/venv/lib/python3.10/site-packages/sklearn/decomposition/_fastica.py:542: FutureWarning: Starting in v1.3, whiten='unit-variance' will be used by default.
  warnings.warn(
/home/pradyumna/PycharmProjects/CSC591-Group9-Project/venv/lib/python3.10/site-packages/sklearn/decomposition/_fastica.py:542: FutureWarning: Starting in v1.3, whiten='unit-variance' will be used by default.
  warnings.warn(
/home/pradyumna/PycharmProjects/CSC591-Group9-Project/venv/lib/python3.10/site-packages/sklearn/decomposition/_fastica.py:542: FutureWarning: Starting in v1.3, whiten='unit-variance' will be used by default.
  warnings.warn(
/home/pradyumna/PycharmProjects/CSC591-Group9-Project/venv/lib/python3.10/site-packages/sklearn/decomposition/_fastica.py:542: FutureWarning: Starting in v1.3, whiten='unit-variance' will be used by default.
  warnings.warn(
/home/pradyumna/PycharmProjects/CSC591-Group9-Project/venv/lib/python3.10/site-packages/sklearn/decomposition/_fastica.py:542: FutureWarning: Starting in v1.3, whiten='unit-variance' will be used by default.
  warnings.warn(
/home/pradyumna/PycharmProjects/CSC591-Group9-Project/venv/lib/python3.10/site-packages/sklearn/decomposition/_fastica.py:542: FutureWarning: Starting in v1.3, whiten='unit-variance' will be used by default.
  warnings.warn(
/home/pradyumna/PycharmProjects/CSC591-Group9-Project/venv/lib/python3.10/site-packages/sklearn/decomposition/_fastica.py:542: FutureWarning: Starting in v1.3, whiten='unit-variance' will be used by default.
  warnings.warn(
/home/pradyumna/PycharmProjects/CSC591-Group9-Project/venv/lib/python3.10/site-packages/sklearn/decomposition/_fastica.py:542: FutureWarning: Starting in v1.3, whiten='unit-variance' will be used by default.
  warnings.warn(
/home/pradyumna/PycharmProjects/CSC591-Group9-Project/venv/lib/python3.10/site-packages/sklearn/decomposition/_fastica.py:542: FutureWarning: Starting in v1.3, whiten='unit-variance' will be used by default.
  warnings.warn(
/home/pradyumna/PycharmProjects/CSC591-Group9-Project/venv/lib/python3.10/site-packages/sklearn/decomposition/_fastica.py:542: FutureWarning: Starting in v1.3, whiten='unit-variance' will be used by default.
  warnings.warn(
/home/pradyumna/PycharmProjects/CSC591-Group9-Project/venv/lib/python3.10/site-packages/sklearn/decomposition/_fastica.py:542: FutureWarning: Starting in v1.3, whiten='unit-variance' will be used by default.
  warnings.warn(
/home/pradyumna/PycharmProjects/CSC591-Group9-Project/venv/lib/python3.10/site-packages/sklearn/decomposition/_fastica.py:542: FutureWarning: Starting in v1.3, whiten='unit-variance' will be used by default.
  warnings.warn(
/home/pradyumna/PycharmProjects/CSC591-Group9-Project/venv/lib/python3.10/site-packages/sklearn/decomposition/_fastica.py:542: FutureWarning: Starting in v1.3, whiten='unit-variance' will be used by default.
  warnings.warn(
/home/pradyumna/PycharmProjects/CSC591-Group9-Project/venv/lib/python3.10/site-packages/sklearn/decomposition/_fastica.py:542: FutureWarning: Starting in v1.3, whiten='unit-variance' will be used by default.
  warnings.warn(
/home/pradyumna/PycharmProjects/CSC591-Group9-Project/venv/lib/python3.10/site-packages/sklearn/decomposition/_fastica.py:542: FutureWarning: Starting in v1.3, whiten='unit-variance' will be used by default.
  warnings.warn(
/home/pradyumna/PycharmProjects/CSC591-Group9-Project/venv/lib/python3.10/site-packages/sklearn/decomposition/_fastica.py:542: FutureWarning: Starting in v1.3, whiten='unit-variance' will be used by default.
  warnings.warn(
/home/pradyumna/PycharmProjects/CSC591-Group9-Project/venv/lib/python3.10/site-packages/sklearn/decomposition/_fastica.py:542: FutureWarning: Starting in v1.3, whiten='unit-variance' will be used by default.
  warnings.warn(
/home/pradyumna/PycharmProjects/CSC591-Group9-Project/venv/lib/python3.10/site-packages/sklearn/decomposition/_fastica.py:542: FutureWarning: Starting in v1.3, whiten='unit-variance' will be used by default.
  warnings.warn(
/home/pradyumna/PycharmProjects/CSC591-Group9-Project/venv/lib/python3.10/site-packages/sklearn/decomposition/_fastica.py:542: FutureWarning: Starting in v1.3, whiten='unit-variance' will be used by default.
  warnings.warn(
/home/pradyumna/PycharmProjects/CSC591-Group9-Project/venv/lib/python3.10/site-packages/sklearn/decomposition/_fastica.py:542: FutureWarning: Starting in v1.3, whiten='unit-variance' will be used by default.
  warnings.warn(
/home/pradyumna/PycharmProjects/CSC591-Group9-Project/venv/lib/python3.10/site-packages/sklearn/decomposition/_fastica.py:542: FutureWarning: Starting in v1.3, whiten='unit-variance' will be used by default.
  warnings.warn(
/home/pradyumna/PycharmProjects/CSC591-Group9-Project/venv/lib/python3.10/site-packages/sklearn/decomposition/_fastica.py:542: FutureWarning: Starting in v1.3, whiten='unit-variance' will be used by default.
  warnings.warn(
/home/pradyumna/PycharmProjects/CSC591-Group9-Project/venv/lib/python3.10/site-packages/sklearn/decomposition/_fastica.py:542: FutureWarning: Starting in v1.3, whiten='unit-variance' will be used by default.
  warnings.warn(
/home/pradyumna/PycharmProjects/CSC591-Group9-Project/venv/lib/python3.10/site-packages/sklearn/decomposition/_fastica.py:542: FutureWarning: Starting in v1.3, whiten='unit-variance' will be used by default.
  warnings.warn(
/home/pradyumna/PycharmProjects/CSC591-Group9-Project/venv/lib/python3.10/site-packages/sklearn/decomposition/_fastica.py:542: FutureWarning: Starting in v1.3, whiten='unit-variance' will be used by default.
  warnings.warn(
/home/pradyumna/PycharmProjects/CSC591-Group9-Project/venv/lib/python3.10/site-packages/sklearn/decomposition/_fastica.py:542: FutureWarning: Starting in v1.3, whiten='unit-variance' will be used by default.
  warnings.warn(
/home/pradyumna/PycharmProjects/CSC591-Group9-Project/venv/lib/python3.10/site-packages/sklearn/decomposition/_fastica.py:542: FutureWarning: Starting in v1.3, whiten='unit-variance' will be used by default.
  warnings.warn(
/home/pradyumna/PycharmProjects/CSC591-Group9-Project/venv/lib/python3.10/site-packages/sklearn/decomposition/_fastica.py:542: FutureWarning: Starting in v1.3, whiten='unit-variance' will be used by default.
  warnings.warn(
/home/pradyumna/PycharmProjects/CSC591-Group9-Project/venv/lib/python3.10/site-packages/sklearn/decomposition/_fastica.py:542: FutureWarning: Starting in v1.3, whiten='unit-variance' will be used by default.
  warnings.warn(
/home/pradyumna/PycharmProjects/CSC591-Group9-Project/venv/lib/python3.10/site-packages/sklearn/decomposition/_fastica.py:542: FutureWarning: Starting in v1.3, whiten='unit-variance' will be used by default.
  warnings.warn(
/home/pradyumna/PycharmProjects/CSC591-Group9-Project/venv/lib/python3.10/site-packages/sklearn/decomposition/_fastica.py:542: FutureWarning: Starting in v1.3, whiten='unit-variance' will be used by default.
  warnings.warn(
/home/pradyumna/PycharmProjects/CSC591-Group9-Project/venv/lib/python3.10/site-packages/sklearn/decomposition/_fastica.py:542: FutureWarning: Starting in v1.3, whiten='unit-variance' will be used by default.
  warnings.warn(
/home/pradyumna/PycharmProjects/CSC591-Group9-Project/venv/lib/python3.10/site-packages/sklearn/decomposition/_fastica.py:542: FutureWarning: Starting in v1.3, whiten='unit-variance' will be used by default.
  warnings.warn(
/home/pradyumna/PycharmProjects/CSC591-Group9-Project/venv/lib/python3.10/site-packages/sklearn/decomposition/_fastica.py:542: FutureWarning: Starting in v1.3, whiten='unit-variance' will be used by default.
  warnings.warn(
/home/pradyumna/PycharmProjects/CSC591-Group9-Project/venv/lib/python3.10/site-packages/sklearn/decomposition/_fastica.py:542: FutureWarning: Starting in v1.3, whiten='unit-variance' will be used by default.
  warnings.warn(
/home/pradyumna/PycharmProjects/CSC591-Group9-Project/venv/lib/python3.10/site-packages/sklearn/decomposition/_fastica.py:542: FutureWarning: Starting in v1.3, whiten='unit-variance' will be used by default.
  warnings.warn(
/home/pradyumna/PycharmProjects/CSC591-Group9-Project/venv/lib/python3.10/site-packages/sklearn/decomposition/_fastica.py:542: FutureWarning: Starting in v1.3, whiten='unit-variance' will be used by default.
  warnings.warn(
/home/pradyumna/PycharmProjects/CSC591-Group9-Project/venv/lib/python3.10/site-packages/sklearn/decomposition/_fastica.py:542: FutureWarning: Starting in v1.3, whiten='unit-variance' will be used by default.
  warnings.warn(
/home/pradyumna/PycharmProjects/CSC591-Group9-Project/venv/lib/python3.10/site-packages/sklearn/decomposition/_fastica.py:542: FutureWarning: Starting in v1.3, whiten='unit-variance' will be used by default.
  warnings.warn(
/home/pradyumna/PycharmProjects/CSC591-Group9-Project/venv/lib/python3.10/site-packages/sklearn/decomposition/_fastica.py:542: FutureWarning: Starting in v1.3, whiten='unit-variance' will be used by default.
  warnings.warn(
/home/pradyumna/PycharmProjects/CSC591-Group9-Project/venv/lib/python3.10/site-packages/sklearn/decomposition/_fastica.py:542: FutureWarning: Starting in v1.3, whiten='unit-variance' will be used by default.
  warnings.warn(
/home/pradyumna/PycharmProjects/CSC591-Group9-Project/venv/lib/python3.10/site-packages/sklearn/decomposition/_fastica.py:542: FutureWarning: Starting in v1.3, whiten='unit-variance' will be used by default.
  warnings.warn(
/home/pradyumna/PycharmProjects/CSC591-Group9-Project/venv/lib/python3.10/site-packages/sklearn/decomposition/_fastica.py:542: FutureWarning: Starting in v1.3, whiten='unit-variance' will be used by default.
  warnings.warn(
/home/pradyumna/PycharmProjects/CSC591-Group9-Project/venv/lib/python3.10/site-packages/sklearn/decomposition/_fastica.py:542: FutureWarning: Starting in v1.3, whiten='unit-variance' will be used by default.
  warnings.warn(
/home/pradyumna/PycharmProjects/CSC591-Group9-Project/venv/lib/python3.10/site-packages/sklearn/decomposition/_fastica.py:542: FutureWarning: Starting in v1.3, whiten='unit-variance' will be used by default.
  warnings.warn(
/home/pradyumna/PycharmProjects/CSC591-Group9-Project/venv/lib/python3.10/site-packages/sklearn/decomposition/_fastica.py:542: FutureWarning: Starting in v1.3, whiten='unit-variance' will be used by default.
  warnings.warn(
/home/pradyumna/PycharmProjects/CSC591-Group9-Project/venv/lib/python3.10/site-packages/sklearn/decomposition/_fastica.py:542: FutureWarning: Starting in v1.3, whiten='unit-variance' will be used by default.
  warnings.warn(
/home/pradyumna/PycharmProjects/CSC591-Group9-Project/venv/lib/python3.10/site-packages/sklearn/decomposition/_fastica.py:542: FutureWarning: Starting in v1.3, whiten='unit-variance' will be used by default.
  warnings.warn(
/home/pradyumna/PycharmProjects/CSC591-Group9-Project/venv/lib/python3.10/site-packages/sklearn/decomposition/_fastica.py:542: FutureWarning: Starting in v1.3, whiten='unit-variance' will be used by default.
  warnings.warn(
/home/pradyumna/PycharmProjects/CSC591-Group9-Project/venv/lib/python3.10/site-packages/sklearn/decomposition/_fastica.py:542: FutureWarning: Starting in v1.3, whiten='unit-variance' will be used by default.
  warnings.warn(
/home/pradyumna/PycharmProjects/CSC591-Group9-Project/venv/lib/python3.10/site-packages/sklearn/decomposition/_fastica.py:542: FutureWarning: Starting in v1.3, whiten='unit-variance' will be used by default.
  warnings.warn(
/home/pradyumna/PycharmProjects/CSC591-Group9-Project/venv/lib/python3.10/site-packages/sklearn/decomposition/_fastica.py:542: FutureWarning: Starting in v1.3, whiten='unit-variance' will be used by default.
  warnings.warn(
/home/pradyumna/PycharmProjects/CSC591-Group9-Project/venv/lib/python3.10/site-packages/sklearn/decomposition/_fastica.py:542: FutureWarning: Starting in v1.3, whiten='unit-variance' will be used by default.
  warnings.warn(
/home/pradyumna/PycharmProjects/CSC591-Group9-Project/venv/lib/python3.10/site-packages/sklearn/decomposition/_fastica.py:542: FutureWarning: Starting in v1.3, whiten='unit-variance' will be used by default.
  warnings.warn(
/home/pradyumna/PycharmProjects/CSC591-Group9-Project/venv/lib/python3.10/site-packages/sklearn/decomposition/_fastica.py:542: FutureWarning: Starting in v1.3, whiten='unit-variance' will be used by default.
  warnings.warn(
/home/pradyumna/PycharmProjects/CSC591-Group9-Project/venv/lib/python3.10/site-packages/sklearn/decomposition/_fastica.py:542: FutureWarning: Starting in v1.3, whiten='unit-variance' will be used by default.
  warnings.warn(
/home/pradyumna/PycharmProjects/CSC591-Group9-Project/venv/lib/python3.10/site-packages/sklearn/decomposition/_fastica.py:542: FutureWarning: Starting in v1.3, whiten='unit-variance' will be used by default.
  warnings.warn(
/home/pradyumna/PycharmProjects/CSC591-Group9-Project/venv/lib/python3.10/site-packages/sklearn/decomposition/_fastica.py:542: FutureWarning: Starting in v1.3, whiten='unit-variance' will be used by default.
  warnings.warn(
/home/pradyumna/PycharmProjects/CSC591-Group9-Project/venv/lib/python3.10/site-packages/sklearn/decomposition/_fastica.py:542: FutureWarning: Starting in v1.3, whiten='unit-variance' will be used by default.
  warnings.warn(
/home/pradyumna/PycharmProjects/CSC591-Group9-Project/venv/lib/python3.10/site-packages/sklearn/decomposition/_fastica.py:542: FutureWarning: Starting in v1.3, whiten='unit-variance' will be used by default.
  warnings.warn(
/home/pradyumna/PycharmProjects/CSC591-Group9-Project/venv/lib/python3.10/site-packages/sklearn/decomposition/_fastica.py:542: FutureWarning: Starting in v1.3, whiten='unit-variance' will be used by default.
  warnings.warn(
/home/pradyumna/PycharmProjects/CSC591-Group9-Project/venv/lib/python3.10/site-packages/sklearn/decomposition/_fastica.py:542: FutureWarning: Starting in v1.3, whiten='unit-variance' will be used by default.
  warnings.warn(
/home/pradyumna/PycharmProjects/CSC591-Group9-Project/venv/lib/python3.10/site-packages/sklearn/decomposition/_fastica.py:542: FutureWarning: Starting in v1.3, whiten='unit-variance' will be used by default.
  warnings.warn(
/home/pradyumna/PycharmProjects/CSC591-Group9-Project/venv/lib/python3.10/site-packages/sklearn/decomposition/_fastica.py:542: FutureWarning: Starting in v1.3, whiten='unit-variance' will be used by default.
  warnings.warn(
/home/pradyumna/PycharmProjects/CSC591-Group9-Project/venv/lib/python3.10/site-packages/sklearn/decomposition/_fastica.py:542: FutureWarning: Starting in v1.3, whiten='unit-variance' will be used by default.
  warnings.warn(
                        Cost-    Completion+    Idle-    Avg evals
--------------------  -------  -------------  -------  -----------
all                    325.44         0.8965   0.2425            0
sway                  296.803         0.9085   0.2045            8
sway_pca              229.467          0.893    0.256            8
sway_pca_alpha        375.025         0.9005   0.2285            8
sway_pca_alpha2       284.989         0.8935    0.231            8
sway_fa               297.764         0.9005    0.248            8
sway_fa_alpha         247.162          0.894    0.251            8
sway_fa_alpha2        285.233          0.901    0.229            8
sway_xpln             330.564         0.8935    0.242            8
sway_pca_xpln         306.217         0.8995    0.237            8
sway_pca_alpha_xpln   335.706          0.895    0.239            8
sway_pca_alpha2_xpln  264.128         0.8945    0.246            8
sway_fa_xpln          301.529          0.898    0.242            8
sway_fa_alpha_xpln    268.579          0.898   0.2405            8
sway_fa_alpha2_xpln   273.797          0.897   0.2325            8
top                    138.51              1        0        10000

                                   Cost-    Completion+    Idle-
---------------------------------  -------  -------------  -------
all to all                         =        =              =
all to sway                        ≠        ≠              ≠
all to sway_pca                    ≠        ≠              ≠
all to sway_pca_alpha              ≠        ≠              ≠
all to sway_pca_alpha2             ≠        ≠              ≠
all to sway_fa                     ≠        ≠              ≠
all to sway_fa_alpha               ≠        ≠              ≠
all to sway_fa_alpha2              ≠        ≠              ≠
sway to sway_pca                   ≠        ≠              ≠
sway to sway_pca_alpha             ≠        ≠              ≠
sway to sway_pca_alpha2            ≠        ≠              ≠
sway to sway_fa                    ≠        ≠              ≠
sway to sway_fa_alpha              ≠        ≠              ≠
sway to sway_fa_alpha2             ≠        ≠              ≠
sway_pca to sway_pca_alpha         ≠        ≠              ≠
sway_pca to sway_pca_alpha2        ≠        ≠              ≠
sway_pca to sway_fa                ≠        ≠              ≠
sway_pca to sway_fa_alpha          ≠        ≠              ≠
sway_pca to sway_fa_alpha2         ≠        ≠              ≠
sway_pca_alpha to sway_pca_alpha2  ≠        ≠              ≠
sway_pca_alpha to sway_fa          ≠        ≠              ≠
sway_pca_alpha to sway_fa_alpha    ≠        ≠              ≠
sway_pca_alpha to sway_fa_alpha2   ≠        ≠              ≠
sway_pca_alpha2 to sway_fa         ≠        ≠              ≠
sway_pca_alpha2 to sway_fa_alpha   ≠        ≠              ≠
sway_pca_alpha2 to sway_fa_alpha2  ≠        ≠              ≠
sway_fa to sway_fa_alpha           ≠        ≠              ≠
sway_fa to sway_fa_alpha2          ≠        ≠              ≠
sway_fa_alpha to sway_fa_alpha2    ≠        ≠              ≠
sway to top                        ≠        ≠              ≠
sway_pca to top                    ≠        ≠              ≠
sway_pca_alpha to top              ≠        ≠              ≠
sway_pca_alpha2 to top             ≠        ≠              ≠
sway_fa to top                     ≠        ≠              ≠
sway_fa_alpha to top               ≠        ≠              ≠
sway_fa_alpha2 to top              ≠        ≠              ≠

real	3m44.619s
user	3m59.818s
sys	1m1.995s
