\begin{tabular}{lrrrr}
\hline
       &   NUMBERITERATIONS- &   TIMETOSOLUTION- &   Avg evals &   Avg rank \\
\hline
 all   &                   6 &             133.5 &           0 &       50.5 \\
 sway1 &                 5.4 &             111.7 &          10 &       28.2 \\
 sway2 &                   4 &             110.1 &          16 &        5.3 \\
 xpln1 &                 5.2 &             113.9 &          10 &       34.3 \\
 xpln2 &                 5.3 &               112 &          10 &       30.8 \\
 top   &                   4 &                60 &      239360 &        1.1 \\
\hline
\end{tabular}

                   Best    Beat Sway?    Beat Xpln?
-----------------  ------  ------------  ------------
NUMBERITERATIONS-  sway2   True          False
TIMETOSOLUTION-    top     True          True

\begin{tabular}{lll}
\hline
                & NUMBERITERATIONS-   & TIMETOSOLUTION-   \\
\hline
 all to all     & =                   & =                 \\
 all to sway1   & ≠                   & ≠                 \\
 all to sway2   & ≠                   & ≠                 \\
 sway1 to sway2 & ≠                   & ≠                 \\
 sway1 to xpln1 & ≠                   & ≠                 \\
 sway1 to xpln2 & ≠                   & ≠                 \\
 xpln1 to xpln2 & ≠                   & ≠                 \\
 sway1 to top   & ≠                   & ≠                 \\
\hline
\end{tabular}

real	14m15.431s
user	0m0.000s
sys	0m0.000s
