\begin{tabular}{lrrrr}
\hline
       &   PSNR- &   Energy- &   Avg evals &   Avg rank \\
\hline
 all   &    45.7 &    1237.7 &           0 &       50.5 \\
 sway1 &    44.6 &     954.3 &           9 &       41.3 \\
 sway2 &    32.1 &     387.7 &          14 &        8.2 \\
 xpln1 &    45.4 &     836.9 &           9 &       41.3 \\
 xpln2 &    45.1 &     914.1 &           9 &       44.4 \\
 top   &    26.7 &     465.9 &       53662 &        1.2 \\
\hline
\end{tabular}

         Best    Beat Sway?    Beat Xpln?
-------  ------  ------------  ------------
PSNR-    top     True          True
Energy-  sway2   True          False

\begin{tabular}{lll}
\hline
                & PSNR-   & Energy-   \\
\hline
 all to all     & =       & =         \\
 all to sway1   & ≠       & ≠         \\
 all to sway2   & ≠       & ≠         \\
 sway1 to sway2 & ≠       & ≠         \\
 sway1 to xpln1 & ≠       & ≠         \\
 sway1 to xpln2 & ≠       & ≠         \\
 xpln1 to xpln2 & ≠       & ≠         \\
 sway1 to top   & ≠       & ≠         \\
\hline
\end{tabular}

real	4m36.801s
user	0m0.000s
sys	0m0.000s
