{'Bins': [8, 12, 16, 20, 24, 28], 'Cliff': [0.3, 0.4, 0.5, 0.6, 0.7, 0.8, 0.9], 'D': [0.0, 0.1, 0.2, 0.3, 0.4, 0.5, 0.6], 'Far': [0.4, 0.5, 0.6, 0.7, 0.8, 0.9], 'Halves': [3, 103, 203, 303, 403, 503, 603, 703, 803], 'Min': [0.0, 0.1, 0.2, 0.3, 0.4]}
79380 items
starting sway
18 evals
original:  {'Bins': 16, 'Cliff': 0.147, 'D': 0.35, 'Far': 0.95, 'help': False, 'Halves': 512, 'Min': 0.5, 'Max': 512, 'P': 2, 'Rest': 4, 'reuse': False, 'Bootstrap': 512, 'Conf': 0.05, 'file': '../data/auto2.csv', 'Niter': 20}

new:  {'Bins': 12.0, 'Cliff': 0.4, 'D': 0.1, 'Far': 0.8, 'Halves': 703.0, 'Min': 0.0, 'N': 155}

{'Bins': 12.0, 'Cliff': 0.4, 'D': 0.1, 'Far': 0.8, 'help': False, 'Halves': 703.0, 'Min': 0.0, 'Max': 512, 'P': 2, 'Rest': 4, 'reuse': False, 'Bootstrap': 512, 'Conf': 0.05, 'file': '../data/auto2.csv', 'Niter': 20}
         CityMPG+    HighwayMPG+    Weight-    Class-
-----  ----------  -------------  ---------  --------
all            21             28       3040      17.7
sway        29.35          34.75     2196.5      9.33
sway2       35.75          40.85    2108.25     9.575
xpln         29.9          34.55       2251     9.655
top            33           40.2       2053      8.92

               CityMPG+    HighwayMPG+    Weight-    Class-
-------------  ----------  -------------  ---------  --------
all to all     =           =              =          =
all to sway    ≠           ≠              ≠          ≠
all to sway2   ≠           ≠              ≠          ≠
sway to sway2  ≠           ≠              ≠          ≠
sway to xpln   ≠           ≠              ≠          ≠
sway2 to xpln  ≠           ≠              ≠          ≠
sway to top    ≠           ≠              ≠          ≠
